========================================
TOTALS FOR EACH TASK
========================================

========================================
TOTALS FOR EACH DAY
========================================
 0.0 MON total time                          
 0.0   - breaks/lunch                        
 0.0   = TIME WORKED                         

 0.0 TUE total time                          
 0.0   - breaks/lunch                        
 0.0   = TIME WORKED                         

 0.0 WED total time                          
 0.0   - breaks/lunch                        
 0.0   = TIME WORKED                         

 0.0 THU total time                          
 0.0   - breaks/lunch                        
 0.0   = TIME WORKED                         

 0.0 FRI total time                          
 0.0   - breaks/lunch                        
 0.0   = TIME WORKED                         
---- -----------------------------------
 0.0 WEEK total time                         
 0.0    - breaks/lunch                       
 0.0    = TIME WORKED                        
---- -----------------------------------

========================================
BACKUP OF DAILY LOG FILES
========================================
-----MON-----
-----TUE-----
-----WED-----
-----THU-----
-----FRI-----
